<?xml version="1.1" encoding="UTF-8"?>
<testsuite name="parsing.ChainTasksCommandTest" tests="1" failures="0" errors="0" timestamp="1970-01-01T00:00:00" hostname="breno-notebook" time="1.381687210648E9">
  <properties/>
  <testcase name="testRun" classname="parsing.ChainTasksCommandTest" time="0.007"/>
  <system-out><![CDATA[t1 -> t2
t2 -> t3
t3 -> t4
t4 -> t5
t5 -> t6
t6 -> t7
t7 -> t8
t8 -> t9
]]></system-out>
  <system-err><![CDATA[]]></system-err>
</testsuite>
